[   0.0000 Itialzig grou ssys cse
[   0.0000 Itialzig grp bsys c
[   0.0000 Iniiaizng cro subyspuacct
[    0.000000] Linux version 4.4.0-101-generic (buildd@lcy01-amd64-006) (gcc version 5.4.0 20160609 (Ubuntu 5.4.0-6ubuntu1~16.04.5) ) #124-Ubuntu SMP Fri Nov 10 18:29:59 UTC 2017 (Ubuntu 4.4.0-101.124-generic 4.4.95)
[    0.000000] Command line: BOOT_IMAGE=/boot/vmlinuz-4.4.0-101-generic root=LABEL=cloudimg-rootfs ro console=tty1 console=ttyS0
[    0.000000] KERNEL supported cpus:
[    0.000000]   Intel GenuineIntel
[    0.000000]   AMD AuthenticAMD
[    0.000000]   Centaur CentaurHauls
[    0.000000] x86/fpu: xstate_offset[2]:  576, xstate_sizes[2]:  256
[    0.000000] x86/fpu: Supporting XSAVE feature 0x01: 'x87 floating point registers'
[    0.000000] x86/fpu: Supprtng XAV fatur 02: 'SS rgiste'
[  .0000]x86/puSupporinXSAV fture0x: 'AX gisters'    .0000] x86/fpu: Enabled xstate features 0x7, context size is 832 bytes, using 'standard' format.
[    0.000000] x86/fpu: Using 'lazy' FPU context switches.
[    0.000000] e820: BIOS-provided physical RAM map:
[    0.000000] BIOS-e820: [mem 0x0000000000000000-0x000000000009fbff] usable
[    0.000000] BIOS-e820: [mem 0x000000000009fc00-0x000000009fff]reerve
   00000 BIO-e0: [emx00000000f00000x000000000ffff]reerve
   0.000] BIS-20: me0x0000000100000x00000deffff] usable
[    0.000000] IOe820 [m 0x00000dff00-0000000ffffffACI data
[    0.0000] IOS-e0:[mm 000000fe00000x00000fec00fff] reserved
[    0.000000] BIOS-e820: [mem 0x00000000fee00000-0x00000000fee00fff] reserved
[    0.000000] BIOS-e820: [mem 0x00000000fffc0000-0x00000000ffffff] eserve
[  0.0000]BIOSe8: mem x00000000000-0x0000000100ffffffusble    0.000] N (Excue Diab) rotetin:actie[   00000]SMOS 25 esent.
[  0.0000 Hyprvor dtete: KV
[   0.000] 820:ast_fn =x1000 axrch_fn 0x400000
[    0.000000] TRR:Dibled
[  0.000] x6/T:MTRR dable, ippig T intiizatonoo.[   0.0000 CPU MRRal blak virtaled sst.
[  000000]86/PT:Confguration[0]: W W  UC U W  WT  UC- UC [   0.0000 e0: lstfn =0xff maax_rcpfn  0000000
[   0.0000 foundSMMP-tblat [emx0009fff0-0x0009ffff] mapped at [ffff88000009fff0]
[    0.000000] Scanning 1 areas for low memory corruption
[    0.000000] RAMDISK: [me 036af0000-0x3756ffff]
[    0.000000] ACPI: Early table checksum verification disabled
[    0.000000] ACPI: RSDP 0x00000000000E0000 000024 (v02 VBOX  )
[    0.000000] ACPI: XSDT 0x00000000DFFF0030 00003C (v01 VBOX   VBOXXSDT 00000001 ASL  00000061)
[    0.000000] ACPI: FACP 0x000000FFF0F0000F4 (v4 OX   VOXCP 00001 ASL 00006)[[   000000]CP: DST 000000FFF0700021FF (v02VBX  VBOXBI 00000 ITL20100528)
[    0.000000] ACPI: FACS 0x00000000DFFF0200 000040
[    0.000000] ACPI: FACS 0x00000000DFFF0200 000040
[    0.000000] ACPI: APIC 0x0000000FF02 0005C (v02 VBOX   VBOXAIC000001SL 00000)
[   0.0000 AI:SSDT 0x00000000DFFF0A000CC (01BOX  VXCPUT 00002 NT2010528)[   0.0000] N NA confgutionfod
[  000000]aking a node at[m 0x000000000000-0x0000000100ffffff]
[    0.000000] NODE_DATA(0) allocated [mem 0x100ff9000-0x100ffdfff]
[    0.000000] kvm-clock: Using msrs 4b564d01 and 4b564d00
[    0.000000] kvm-clock: cpu 0, msr 1:ff1001, primary cpu clock
[    0.000000] kvm-clock: using sched offst f 3218314 ycles[    0.00000]clckouce kvm-clock: msk0xfffffffffffffma_ccles: x142e4dffb, max_idle_ns: 881590591483 ns
[    0.000000] Zone ranges:
[    0.000000]   DMA      [mem 0x0000000000001000-0x0000000000ffffff]
[    0.000000]   DMA32    [mem 0x0000000001000000-0x00000000ffffffff]
[    0.000000]   Normal   [mem 0x0000000100000000-0x0000000100ffffff]
[    0.000000]   Device   empty
[    0.000000] Movable zone start for each node
[    0.000000] Early memory node ranges
[    0.000000]   node   0: [mem 0x0000000000001000-0x000000000009efff]
[    0.000000]   node   0: [mem 0x0000000000100000-0x00000000dffeffff]
[    0.000000]   node   0: [mem 0x0000000100000000-0x0000000100ffffff]
[    0.000000] Initmem setup node 0 [mem 0x0000000000001000-0x0000000100ffffff]
[    0.000000] ACPI: PM-Timer IO Port: 0x4008
[    0.000000] IOAPIC[0]: apic_id 2, version 32addrssxfec000,GSI 23
[   0.000] APIINT_S_OR (bs bus_irq 0 global_irq 2 dfl dfl)
[    0.000000] ACPI:INT_SRC_OVR (bs  busir9 loba_i 9 lw evl)
  0.0000 Usig PI (AD forSM cnfigraoninfomation
[    0.0000] spbt:Alloin2 CPUs 0otlug PU
[    .0000] P: gistrenosae mory: [mem x0000000-00000ff
[   0.00000]PMRegistrenoav mor: [mm 0009000x009ff]
[    0.000000] PM: Riserednove mmo: [mm 00aa00000x000eff
[   00000]M:Regierd noav memry: [mem 0x000f0000-0x000fffff]
[    0.000000] PM: Registered nosave memory: [mem 0xdfff0000-0xdfffffff]
[    0.000000] PM: Registered nosave memory: [mem 0xe0000000-0xfebfffff]
[   .00000] : Reisred noavmeor: [mem 0xf00000-0fe0ff]
  0.00000]PM Regsted nsa mmory [m 0xec00-0xfdfff][   0.000] PM Risteedosave memory: [mem 0xfee00000-0xfee0ff
[   000000] PM: Registered nosave memory: [mem 0xfee01000-0xfffbffff]
[    0.000000] PM: Registered nosave memory: [mem 0xfffc0000-0xffffffff]
[    0.000000] e820: [mem 0xe0000000-0xfebfffff] available for PCI devices
[    0.000000] Booting paravirtualized kernel on KVM
[    0.000000] clocksource: refined-jiffies: mask: 0xffffffff max_cycles: 0xffffffff, max_idle_ns: 7645519600211568 ns
[    0.000000] setup_percpu: NR_CPUS:512 nr_cpumask_bits:512 nr_cpu_ids:2 nr_node_ids:1
[    0.000000] PERCPU: Embedded 34 pages/cpu @ffff880100c00000 s98328 r8192 d32744 u1048576
[    0.000000] PV qspinlock hash table entries: 256 (order: 0, 4096 bytes)
[    0.000000] Built 1 zonelists in Node order, mobility grouping on.  Total pages: 907065
[    0.000000] Policy zone: Normal
[    0.000000] Kernel command line: BOOT_IMAGE=/boot/vmlinuz-4.4.0-101-generic root=LABEL=cloudimg-rootfs ro console=tty1 console=ttyS0
[    0.000000] PID hash table entries: 4096 (order: 3, 32768 bytes)
[    0.0000] Memory: 3530572K/3685944K available (8484K kernel code, 1294K rwdata, 3988K rodata, 1492K init, 1316K bss, 155372K reserved, 0K cma-reserved)
[    0.000000] SLUB: HWalign=64, Order=0-3, MinObjects=0, CPUs=2, Nodes=1
[    0.000000] Hierarchical RCU implementation.
[    0.000000] 	Build-time adjustment of leaf fanout to 64.
[    0.000000] 	RCU restricting CPUs from NR_CPUS=512 to nr_cpu_ids=2.
[    0.000000] RCU: Adjusting geometry for rcu_fanout_leaf=64, nr_cpu_ids=2
[    0.000000] NR_IRQS:33024 nr_irqs:440 16
[    0.000000] Console: colour VGA+ 80x25
[    0.000000] console [tty1] enabled
[    0.000000] console [ttyS0] enabled
[    0.000000] tsc: Detected 2399.998 MHz processor
[   12.742781] Calibrating delay loop (skipped) preset value.. 4799.99 BogoMIPS (lpj=9599992)
[   12.744720] pid_max: default: 32768 minimum: 301
[   12.745889] ACPI: Core revision 20150930
[   12.752356] ACPI: 2 ACPI AML tables successfully acquired and loaded
[   12.753860] Security Framework initialized
[   12.754840] Yama: becoming mindful.
[   12.755749] AppArmor: AppArmor initialized
[   12.760790] Dentry cache hash table entries: 524288 (order: 10, 4194304 bytes)
[   12.795130] Inode-cache hash table entries: 262144 (order: 9, 2097152 bytes)
[   12.863639] Mount-cache hash table entries: 8192 (order: 4, 65536 bytes)
[   12.986965] Mountpoint-cache hash table entries: 8192 (order: 4, 65536 bytes)
[   13.043107] Initializing cgroup subsys io
[   13.112058] Initializing cgroup subsys memory
[   13.163343] Initializing cgroup subsys devices
[   13.239686] Initializing cgroup subsys freezer
[   13.335147] Initializing cgroup subsys net_cls
[   13.402932] Initializing cgroup subsys perf_event
[   13.502875] Initializing cgroup subsys net_prio
[   13.563974] Initializing cgroup subsys hugetlb
[   13.650931] Initializing cgroup subsys pids
[   13.683631] CPU: Physical Processor ID: 0
[   13.762539] CPU: Processor Core ID: 0
[   13.814602] mce: CPU supports 0 MCE banks
[   13.815596] Last level iTLB entries: 4KB 64, 2MB 8, 4MB 8
[   13.816819] Last level dTLB entries: 4KB 64, 2MB 0, 4MB 0, 1GB 4
[   13.820237] Freeing SMP alternatives memory: 32K
[   13.830502] ftrace: allocating 32156 entries in 126 pages
[   13.967782] smpboot: APIC(0) Converting physical 0 to logical package 0
[   14.007612] smpboot: Max logical packages: 1
[   14.083414] x2apic enabled
[   14.134911] Switched APIC routing to physical x2apic.
[   14.154131] ..TIMER: vector=0x30 apic1=0 pin1=2 apic2=-1 pin2=-1
[   14.262219] smpboot: CPU0: Intel(R) Core(TM) i5-6200U CPU @ 2.30GHz (family: 0x6, model: 0x4e, stepping: 0x3)
[   14.391088] Performance Events: unsupported p6 CPU model 78 no PMU driver, software events only.
[   14.400091] KVM setup paravirtual spinlock
[   14.401754] x86: Booting SMP configuration:
[   14.406648] .... node  #0, CPUs:      #1
[   14.407693] kvm-clock: cpu 1, msr 1:ff1041, secondary cpu clock
[   14.409800] mce: CPU supports 0 MCE banks
[   14.412400] x86: Booted up 1 node, 2 CPUs
[   14.415077] smpboot: Total of 2 processors activated (9599.99 BogoMIPS)
[   14.416907] devtmpfs: initialized
[   14.461669] evm: security.selinux
[   14.508013] evm: security.SMACK64
[   14.553869] evm: security.SMACK64EXEC
[   14.560510] evm: security.SMACK64TRANSMUTE
[   14.561803] evm: security.SMACK64MMAP
[   14.606977] evm: security.ima
[   14.651703] evm: security.capability
[   14.660214] clocksource: jiffies: mask: 0xffffffff max_cycles: 0xffffffff, max_idle_ns: 7645041785100000 ns
[   14.662421] futex hash table entries: 512 (order: 3, 32768 bytes)
[   14.663799] pinctrl core: initialized pinctrl subsystem
[   14.669002] RTC time:  3:37:55, date: 12/01/17
[   14.672807] NET: Registered protocol family 16
[   14.740083] cpuidle: using governor ladder
[   14.772443] cpuidle: using governor menu
[   14.782296] PCCT header not found.
[   14.798560] ACPI: bus type PCI registered
[   14.810687] acpiphp: ACPI Hot Plug PCI Controller Driver version: 0.5
[   14.844353] PCI: Using configuration type 1 for base access
[   14.889535] ACPI: Added _OSI(Module Device)
[   14.941907] ACPI: Added _OSI(Processor Device)
[   14.965455] ACPI: Added _OSI(3.0 _SCP Extensions)
[   15.034083] ACPI: Added _OSI(Processor Aggregator Device)
[   15.049701] ACPI: Executed 1 blocks of module-level executable AML code
[   15.126005] ACPI: Interpreter enabled
[   15.169803] ACPI: (supports S0 S5)
[   15.201377] ACPI: Using IOAPIC for interrupt routing
[   15.255708] PCI: Using host bridge windows from ACPI; if necessary, use "pci=nocrs" and report a bug
[   15.332367] ACPI: PCI Root Bridge [PCI0] (domain 0000 [bus 00-ff])
[   15.389962] acpi PNP0A03:00: _OSC: OS supports [ASPM ClockPM Segments MSI]
[   15.464482] acpi PNP0A03:00: _OSC: not requesting OS control; OS requires [ExtendedConfig ASPM ClockPM MSI]
[   15.554507] acpi PNP0A03:00: fail to add MMCONFIG information, can't access extended PCI configuration space under this bridge.
[   15.568609] PCI host bridge to bus 0000:00
[   15.569559] pci_bus 0000:00: root bus resource [io  0x0000-0x0cf7 window]
[   15.574934] pci_bus 0000:00: root bus resource [io  0x0d00-0xffff window]
[   15.576356] pci_bus 0000:00: root bus resource [mem 0x000a0000-0x000bffff window]
[   15.591329] pci_bus 0000:00: root bus resource [mem 0xe0000000-0xfdffffff window]
[   15.593106] pci_bus 0000:00: root bus resource [bus 00-ff]
[   15.596034] pci 0000:00:01.1: legacy IDE quirk: reg 0x10: [io  0x01f0-0x01f7]
[   15.603916] pci 0000:00:01.1: legacy IDE quirk: reg 0x14: [io  0x03f6]
[   15.668722] pci 0000:00:01.1: legacy IDE quirk: reg 0x18: [io  0x0170-0x0177]
[   15.722322] pci 0000:00:01.1: legacy IDE quirk: reg 0x1c: [io  0x0376]
[   15.866668] pci 0000:00:07.0: quirk: [io  0x4000-0x403f] claimed by PIIX4 ACPI
[   15.872425] pci 0000:00:07.0: quirk: [io  0x4100-0x410f] claimed by PIIX4 SMB
[   15.921598] ACPI: PCI Interrupt Link [LNKA] (IRQs 5 9 10 *11)
[   15.949416] ACPI: PCI Interrupt Link [LNKB] (IRQs 5 9 *10 11)
[   16.008303] ACPI: PCI Interrupt Link [LNKC] (IRQs 5 *9 10 11)
[   16.084228] ACPI: PCI Interrupt Link [LNKD] (IRQs 5 9 10 *11)
[   16.147931] ACPI: Enabled 2 GPEs in block 00 to 07
[   16.216843] vgaarb: setting as boot device: PCI:0000:00:02.0
[   16.268422] vgaarb: device added: PCI:0000:00:02.0,decodes=io+mem,owns=io+mem,locks=none
[   16.324849] vgaarb: loaded
[   16.365829] vgaarb: bridge control possible 0000:00:02.0
[   16.376540] SCSI subsystem initialized
[   16.377597] ACPI: bus type USB registered
[   16.435953] usbcore: registered new interface driver usbfs
[   16.484360] usbcore: registered new interface driver hub
[   16.515377] usbcore: registered new device driver usb
[   16.572663] PCI: Using ACPI for IRQ routing
[   16.621486] NetLabel: Initializing
[   16.642707] NetLabel:  domain hash size = 128
[   16.696212] NetLabel:  protocols = UNLABELED CIPSOv4
[   16.761346] NetLabel:  unlabeled traffic allowed by default
[   16.814484] amd_nb: Cannot enumerate AMD northbridges
[   16.856582] clocksource: Switched to clocksource kvm-clock
[   16.865389] AppArmor: AppArmor Filesystem Enabled
[   16.873403] pnp: PnP ACPI init
[   16.874963] pnp: PnP ACPI: found 3 devices
[ 168836clksrc api_pm: as 0fffff max_cycles: 0xfff, x_les:2070104 
[ 17098] NET: Registered protocol family 2

[   17.967660] TCP established hash table entries: 32768 (ordr:, 21 bes
[ 18492]CPinha tlenties:328 rd:  528 bes
[ 19378]CPHa tlecofire(estblised27 bd 76
  0.081]UD hh blenries 2048orer4,656 te)
[ 20291]DPitha tleenies:20 (de 4656 te
[   1.674849] NET Risreprocol family 1
[ 22127]pc 000:00:00.0 Litg irt PI/I rafe
[   2.1162] ci00001. AivinISDMAhag rkouds[ 23828]npacking initramfs...
[   25.774496] Freeing initrd memory: 10752K
[   25.857456] PCI-DMA: Using software bounce buffering for IO (SWIOTLB)
[   25.927090] software IO TLB [mem 0xd8400000-0xdc400000] (64MB) mapped at [ffff8800d8400000-ffff8800dc3fffff]
[   25.931666] platform rtc_cmos: registered platform RTC device (no PNP device found)
[   25.995446] Scanning for low memory corruption every 60 seconds
[   25.998353] audit: initializing netlink subsys (disabled)
[   26.077359] audit: type=2000 audit(1512099476.359:1): initialized
[   26.159230] Initialise system trusted keyring
[   26.199728] HugeTLB registered 2 MB page size, pre-allocated 0 pages
[   26.245486] zbud: loaded
[   26.265794] VFS: Disk quotas dquot_6.6.0
[   26.268528] VFS: Dquot-cache hash table entries: 512 (order 0, 4096 bytes)
[   26.270316] squashfs: version 4.0 (2009/01/31) Phillip Lougher
[   26.274048] fuse init (API version 7.23)
[   26.275146] Key type big_key registered
[   26.276130] Allocating IMA MOK and blacklist keyrings.
[   26.278908] Key type asymmetric registered
[   26.279882] Asymmetric key parser 'x509' registered
[   26.282135] Block layer SCSI generic (bsg) driver version 0.4 loaded (major 249)
[   26.283979] io scheduler noop registered
[   26.286110] io scheduler deadline registered (default)
[   26.289822] io scheduler cfq registered
[   26.290849] pci_hotplug: PCI Hot Plug PCI Core version: 0.5
[   26.292035] pciehp: PCI Express Hot Plug Controller Driver version: 0.4
[   26.293654] ACPI: AC Adapter [AC] (on-linee
[   26.369748] input: Power Button as /devices/LNXSYSTM:00/LNXPWRBN:00/input/input0
[   26.390343] ACPI: Power Button [PWRF]
[   26.391450] input: Sleep Button as /devices/LNXSYSTM:00/LNXSLPBN:00/input/input1
[   26.395319] ACPI: Sleep Button [SLPF]
[   26.399258] ACPI: Battery Slot [BAT0] (battery present)
[   26.405718] GHES: HEST is not enabled!
[   26.409961] Serial: 8250/16550 driver, 32 ports, IRQ sharing enabled
[   26.435027] 00:02: ttyS0 at I/O 0x3f8 (irq = 4, base_baud = 115200) is a 16550A
[   26.471314] Linux agpgart interface v0.103
[   26.556361] loop: module loaded
[   26.581158] scsi host0: ata_piix
[   26.644209] scsi host1: ata_piix
[   26.683277] ata1: PATA max UDMA/33 cmd 0x1f0 ctl 0x3f6 bmdma 0xd000 irq 14
[   26.792080] ata2: PATA max UDMA/33 cmd 0x170 ctl 0x376 bmdma 0xd008 irq 15
[   26.936346] tsc: Refined TSC clocksource calibration: 2400.569 MHz
[   26.986297] clocksource: tsc: mask: 0xffffffffffffffff max_cycles: 0x229a50ec138, max_idle_ns: 440795265970 ns
[   26.986784] libphy: Fixed MDIO Bus: probed
[   26.986787] tun: Universal TUN/TAP device driver, 1.6
[   26.986788] tun: (C) 1999-2004 Max Krasnyansky <maxk@qualcomm.com>
[   27.025115] PPP generic driver version 2.4.2
[   27.025186] ehci_hcd: USB 2.0 'Enhanced' Host Controller (EHCI) Driver
[   27.025192] ehci-pci: EHCI PCI platform driver
[   27.025208] ehci-platform: EHCI generic platform driver
[   27.025216] ohci_hcd: USB 1.1 'Open' Host Controller (OHCI) Driver
[   27.025220] ohci-pci: OHCI PCI platform driver
[   27.025228] ohci-platform: OHCI generic platform driver
[   27.025236] uhci_hcd: USB Universal Host Controller Interface driver
[   27.025295] i8042: PNP: PS/2 Controller [PNP0303:PS2K,PNP0f03:PS2M] at 0x60,0x64 irq 1,12
[   27.025819] serio: i8042 KBD port at 0x60,0x64 irq 1
[   27.025824] serio: i8042 AUX port at 0x60,0x64 irq 12
[   27.025923] mousedev: PS/2 mouse device common for all mice
[   27.026186] input: AT Translated Set 2 keyboard as /devices/platform/i8042/serio0/input/input2
[   27.026561] rtc_cmos rtc_cmos: rtc core: registered rtc_cmos as rtc0
[   27.026618] rtc_cmos rtc_cmos: alarms up to one day, 114 bytes nvram
[   27.026624] i2c /dev entries driver
[   27.026673] device-mapper: uevent: version 1.0.3
[   27.026726] device-mapper: ioctl: 4.34.0-ioctl (2015-10-28) initialised: dm-devel@redhat.com
[   27.026740] ledtrig-cpu: registered to indicate activity on CPUs
[   27.026989] NET: Registered protocol family 10
[   27.027150] NET: Registered protocol family 17
[   27.027159] Key type dns_resolver registered
[   27.027277] microcode: CPU0 sig=0x406e3, pf=0x2, revision=0x0
[   27.033272] microcode: CPU1 sig=0x406e3, pf=0x2, revision=0x0
[   27.033305] microcode: Microcode Update Driver: v2.01 <tigran@aivazian.fsnet.co.uk>, Peter Oruba
[   27.033417] registered taskstats version 1
[   27.033435] Loading compiled-in X.509 certificates
[   27.034087] Loaded X.509 cert 'Build time autogenerated kernel key: f91c6829a34a801956ec6287af569c0a1f1f8d39'
[   27.034103] zswap: loaded using pool lzo/zbud
[   27.035514] Key type trusted registered
[   27.037685] Key type encrypted registered
[   27.037690] AppArmor: AppArmor sha1 policy hashing enabled
[   27.037693] ima: No TPM chip found, activating TPM-bypass!
[   27.037715] evm: HMAC attrs: 0x1
[   27.037998]   Magic number: 13:8:613
[   27.039177] rtc_cmos rtc_cmos: setting system clock to 2017-12-01 03:38:08 UTC (1512099488)
[   27.039246] BIOS EDD facility v0.16 2004-Jun-25, 0 devices found
[   27.039246] EDD information not available.
[   27.948387] Freeing unused kernel memory: 1492K
[   28.986347] Write protecting the kernel read-only data: 14336k
[   28.996894] Freeing unused kernel memory: 1744K
[   29.063057] Freeing unused kernel memory: 108K
Loading, please [   29.143633] random: systemd-udevd: uninitialized urandom read (16 bytes read, 5 bits of entropy available)
wait...
startin[   29.144288] random: udevadm: uninitialized urandom read (16 bytes read, 5 bits of entropy available)
g version 229
[   29.144307] random: udevadm: uninitialized urandom read (16 bytes read, 5 bits of entropy available)
[   29.150986] random: udevadm: uninitialized urandom read (16 bytes read, 5 bits of entropy available)
[   29.151021] random: udevadm: uninitialized urandom read (16 bytes read, 5 bits of entropy available)
[   29.151123] random: udevadm: uninitialized urandom read (16 bytes read, 5 bits of entropy available)
[   29.151162] random: udevadm: uninitialized urandom read (16 bytes read, 5 bits of entropy available)
[   29.151198] random: udevadm: uninitialized urandom read (16 bytes read, 5 bits of entropy available)
[   29.151234] random: udevadm: uninitialized urandom read (16 bytes read, 5 bits of entropy available)
[   29.151270] random: udevadm: uninitialized urandom read (16 bytes read, 5 bits of entropy available)
[   29.584087] e1000: Intel(R) PRO/1000 Network Driver - version 7.3.21-k8-NAPI
[   29.589589] e1000: Copyright (c) 1999-2006 Intel Corporation.
[   29.604705] Fusion MPT base driver 3.04.20
[   29.610959] Copyright (c) 1999-2008 LSI Corporation
[   29.631051] AVX2 version of gcm_enc/dec engaged.
[   29.647100] AES CTR mode by8 optimization enabled
[   29.662429] Fusion MPT SPI Host driver 3.04.20
[   29.820544] input: ImExPS/2 Generic Explorer Mouse as /devices/platform/i8042/serio1/input/input4
[   30.061185] e1000 0000:00:03.0 eth0: (PCI:33MHz:32-bit) 02:f3:08:32:2c:e0
[   30.088082] e1000 0000:00:03.0 eth0: Intel(R) PRO/1000 Network Connection
[   30.472276] e1000 0000:00:08.0 eth1: (PCI:33MHz:32-bit) 08:00:27:31:32:2c
[   30.542772] e1000 0000:00:08.0 eth1: Intel(R) PRO/1000 Network Connection
[   30.569240] e1000 0000:00:03.0 enp0s3: renamed from eth0
[   30.595149] mptbase: ioc0: Initiating bringup
[   30.614602] e1000 0000:00:08.0 enp0s8: renamed from eth1
[   30.669390] ioc0: LSI53C1030 A0: Capabilities={Initiator}
[   32.063690] scsi host2: ioc0: LSI53C1030 A0, FwRev=00000000h, Ports=1, MaxQ=256, IRQ=20
[   32.337392] scsi 2:0:0:0: Direct-Access     VBOX     HARDDISK         1.0  PQ: 0 ANSI: 5
[   32.416755] scsi target2:0:0: Beginning Domain Validation
[   32.473980] scsi target2:0:0: Domain Validation skipping write tests
[   32.572495] scsi target2:0:0: Ending Domain Validation
[   32.614857] scsi target2:0:0: asynchronous
[   33.074996] floppy0: no floppy controllers found
[   33.083715] scsi 2:0:1:0: Direct-Access     VBOX     HARDDISK         1.0  PQ: 0 ANSI: 5
[   33.187255] scsi target2:0:1: Beginning Domain Validation
[   33.260079] scsi target2:0:1: Domain Validation skipping write tests
[   33.315535] scsi target2:0:1: Ending Domain Validation
[   33.316774] scsi target2:0:1: asynchronous
[   33.346132] sd 2:0:0:0: [sda] 20971520 512-byte logical blocks: (10.7 GB/10.0 GiB)
[   33.441348] sd 2:0:0:0: Attached scsi generic sg0 type 0
[   33.441381] sd 2:0:0:0: [sda] Write Protect is off
[   33.441464] sd 2:0:0:0: [sda] Incomplete mode parameter data
[   33.441465] sd 2:0:0:0: [sda] Assuming drive cache: write through
[   33.443367]  sda: sda1
[   33.443889] sd 2:0:0:0: [sda] Attached SCSI disk
[   33.453753] sd 2:0:1:0: [sdb] 20480 512-byte logical blocks: (10.5 MB/10.0 MiB)
[   33.453835] sd 2:0:1:0: Attached scsi generic sg1 type 0
[   33.490145] sd 2:0:1:0: [sdb] Write Protect is off
[   33.519498] sd 2:0:1:0: [sdb] Incomplete mode parameter data
[   33.520744] sd 2:0:1:0: [sdb] Assuming drive cache: write through
[   33.525947] sd 2:0:1:0: [sdb] Attached SCSI disk
Begin: Loading e[   34.934589] md: linear personality registered for level -1
ssential drivers ... [   35.001301] md: multipath personality registered for level -4
[   35.026109] md: raid0 personality registered for level 0
[   35.043510] md: raid1 personality registered for level 1
[   35.168719] raid6: sse2x1   gen()  9305 MB/s
[   35.288704] raid6: sse2x1   xor()  6581 MB/s
[   35.376927] raid6: sse2x2   gen() 10952 MB/s
[   35.480777] raid6: sse2x2   xor()  7488 MB/s
[   35.572600] raid6: sse2x4   gen() 12535 MB/s
[   35.684800] raid6: sse2x4   xor()  8411 MB/s
[   35.812659] raid6: avx2x1   gen() 17130 MB/s
[   35.924702] raid6: avx2x2   gen() 17271 MB/s
[   36.029113] raid6: avx2x4   gen() 18201 MB/s
[   36.064377] raid6: using algorithm avx2x4 gen() 18201 MB/s
[   36.065635] raid6: using avx2x2 recovery algorithm
[   36.067846] xor: automatically using best checksumming function:
[   36.120617]    avx       : 21737.000 MB/sec
[   36.162595] async_tx: api initialized (async)
[   36.213417] md: raid6 personality registered for level 6
[   36.308860] md: raid5 personality registered for level 5
[   36.318875] md: raid4 personality registered for level 4
[   36.374433] md: raid10 personality registered for level 10
done.
Begin: Running[   36.472337] Btrfs loaded
 /scripts/init-premount ... done.
Begin: Mounti[   36.554696] EXT4-fs (sda1): mounted filesystem with ordered data mode. Opts: (null)
ng root file system ... Begin: Running /scripts/local-top ... done.
Begin: Running /scripts/local-premount ... Scanning for Btrfs filesystems
done.
Warning: fsck not present, so skipping root file system
done.
Begin: Running /scripts/local-bottom ... done.
Begin: Running /scripts/init-bottom ... done.
[   36.891812] systemd[1]: systemd 229 running in system mode. (+PAM +AUDIT +SELINUX +IMA +APPARMOR +SMACK +SYSVINIT +UTMP +LIBCRYPTSETUP +GCRYPT +GNUTLS +ACL +XZ -LZ4 +SECCOMP +BLKID +ELFUTILS +KMOD -IDN)
[   6.079] systemd[1: teedirtuazaonrae.
[   37.508] stmd[1: teedrcitecture 86-64.

Welcome to [1mUbuntu 16.04.3 LTS[0m!

[   38.682] std[]: St stame o buu>
[ 392498 sstd[: itlingmachneD omanm enator.
[   40.066087] systemd[1]: Installed transient /etc/machine-id file.
[   40.169013] random: nonblocking pool is initialized
[ 40706] sstd[]:isni o Sysogoct.
[[0;32m  OK  [0m] Listening on Syslog Socket.
[  41.02597syem1]: Reached target User and roup Name Lookups.
[[0;32m  OK  [0m] Reached target User and Group Name Lookups.
[ 4106661] sstd[]: Listening n vi-mappe entaen FO
[[0;32m  OK  [0m] Listening on Device-mapper event daemon FIFOs.
[  45699] syted[]:Litein on LVM2ol demonsoet
[[0;32m  OK  [0m] Listening on LVM2 poll daemon socket.
[ 430917 sted[1]: isni oLV mada damosoet

[[[;32m  OK  [0m] Listening on LVM2 metadata daemon socket.
[  44.93] stmd[1]: Lstin on /dev/initcl mpibity amd ip
[[0;32m  OK  [0m] Listening on /dev/initctl Compatibility Named Pipe.
[ 454985systemd[]:isni o ude Ctrl Soet
[[0;32m  OK  [0m] Listening on udev Control Socket.
[ 46016]ystemd[1: stinonudevKeelSocket.
[[0;32m  OK  [0m] Listening on udev Kernel Socket.
[ 47542]ystemd[1]: Lisnig  Jrn Ske.
[[0;32m  OK  [0m] Listening on Journal Socket.
[ 47818] sstd[]: St  aomntrbray Execuab File Formats File System Automount Point.

[[0;32m  OK  [0m] Set up automount Arbitrary Executab...ats File System Automount Point.
[ 48496] ste[1: aced trgt ap.
[[0;32m  OK  [0m] Reached target Swap.
[ 491789] sysem[1 Reachd rg Eryedolums.
[[0;32m  OK  [0m] Reached target Encrypted Volumes.
[  49.010]system[1 Ltengn ural Sck (evog.

[[0;32m  OK  [0m] Listening on Journal Socket (/dev/log).
[  563320]syem1]Listni o Journal Audi Ske
[[0;32m  OK  [0m] Listening on Journal Audit Socket.
[ 51782]ysem[1 Cat sice sean SesioSle.
[[0;32m  OK  [0m] Created slice User and Session Slice.
[  52.357020] systemd[1]: Started Trigger reslvnfpde r etworkd DNS.

[[0;32m  OK  [0m] Started Trigger resolvconf update for networkd DNS.
[   2.79] stemd[1]: Cead liceSyemli.
[[0;32m  OK  [0m] Created slice System Slice.
[ 53.358] std[: aced trgt ic.
[[0;32m  OK  [0m] Reached target Slices.
[   53.985744] systemd[1]: Starting Uncomplicated firewall...
         Starting Uncomplicated firewall...
[   54.088901] systemd[1]: Starting Load Kernel Modules...
         Starting Load Ke[   54.167163] Loading iSCSI transport class v2.0-870.
rnel Modules...[   54.265829] iscsi: registered transport (tcp)

[   54.336992] systemd[1]: Starting Nameserver information manager...
         Starting Nameserver information manager...
[   54.351442] systemd[1]: Starting Monitoring of LVM2 mirrors, snapshots etc. using dmeventd or progress polling...
         Starting Monitor[   54.478896] iscsi: registered transport (iser)
ing of LVM2 mirrors... dmeventd or progress polling...
[   54.581279] systemd[1]: Mounting POSIX Message Queue File System...
         Mounting POSIX Message Queue File System...
[   54.753364] systemd[1]: Starting Remount Root and Kernel File Systems...
         Starting Remount Root and Kernel File Systems...
[   54.778124] EXT4-fs (sda1): re-mounted. Opts: (null)
[   54.822028] systemd[1]: Starting Create list of required static device nodes for the current kernel...
         Starting Create list of required st... nodes for the current kernel...
[   54.973237] systemd[1]: Mounting Huge Pages File System...
         Mounting Huge Pages File System...
[   55.082015] systemd[1]: Starting Set console keymap...
         Starting Set console keymap...
[   55.205574] systemd[1]: Created slice system-serial\x2dgetty.slice.
[[0;32m  OK  [0m] Created slice system-serial\x2dgetty.slice.
[   55.361895] systemd[1]: Mounting Debug File System...
         Mounting Debug File System...
[   55.497270] systemd[1]: Starting Journal Service...
         Starting Journal Service...
[   55.532952] systemd[1]: Started Forward Password Requests to Wall Directory Watch.
[[0;32m  OK  [0m] Started Forward Password Requests to Wall Directory Watch.
[   55.949193] systemd[1]: Mounted POSIX Message Queue File System.
[[0;32m  OK  [0m] Mounted POSIX Message Queue File System.
[  56.373]ysmd]:ouedHuge agesFi Ste
[[0;32m  OK  [0m] Mounted Huge Pages File System.
[   6.21] stemd[1]: MounteDeugFileSyem.
[[0;32m  OK  [0m] Mounted Debug File System.
[   57.244550] systemd[1]: Started Journal Service.
[[0;32m  OK  [0m] Started Journal Service.
[[0;32m  OK  [0m] Started Uncomplicated firewall.
[[0;32m  OK  [0m] Started Load Kernel Modules.
[[0;32m  OK  [0m] Started Remount Root and Kernel File Systems.
[[0;32m  OK  [0m] Started Create list of required sta...ce nodes for the current kernel.
[[0;32m  OK  [0m] Started Set console keymap.
[[0;32m  OK  [0m] Started Nameserver information manager.
[[0;32m  OK  [0m] Started LVM2 metadata daemon.
         Starting Create Static Device Nodes in /dev...
         Starting Initial cloud-init job (pre-networking)...
         Starting udev Coldplug all Devices...
         Starting Load/Save Random Seed...
         Mounting FUSE Control File System...
         Starting Apply Kernel Variables...
         Starting Flush Journal to Persistent Storage...
[[0;32m  OK  [0m] Mounted FUSE Control File System.
[[0;32m  OK  [0m] Started Create Static Device Nodes in /dev.
[[0;32m  OK  [0m] Started Load/Save Random Seed.
[[0;32m  OK  [0m] Started Apply Kernel Variables.
[[0;32m  OK  [0m] Started Flush Journal to Persistent Storage.
[[0;32m  OK  [0m] Started udev Coldplug all Devices.
         Starting udev Kernel Device Manager...
[[0;32m  OK  [0m] Started udev Kernel Device Manager.
[[0;32m  OK  [0m] Started Dispatch Password Requests to Console Directory Watch.
[[0;32m  OK  [0m] Started Monitoring of LVM2 mirrors,...ng dmeventd or progress polling.
[[0;32m  OK  [0m] Reached target Local File Systems (Pre).
[[0;32m  OK  [0m] Reached target Local File Systems.
         Starting Tell Plymouth To Write Out Runtime Data...
         Starting Set console font and keymap...
         Starting LSB: AppArmor initialization...
         Starting Create Volatile Files and Directories...
         Starting Commit a transient machine-id on disk...
[[0;32m  OK  [0m] Started Tell Plymouth To Write Out Runtime Data.
[[0;32m  OK  [0m] Started Create Volatile Files and Directories.
[[0;32m  OK  [0m] Started Commit a transient machine-id on disk.
[[0;32m  OK  [0m] Found device /dev/ttyS0.
[[0;32m  OK  [0m] Reached target System Time Synchronized.
         Starting Update UTMP about System Boot/Shutdown...
[[0;32m  OK  [0m] Started Update UTMP about System Boot/Shutdown.
[[0;32m  OK  [0m] Listening on Load/Save RF Kill Switch Status /dev/rfkill Watch.
[   42.770721] cloud-init[445]: Cloud-init v. 17.1 running 'init-local' at Fri, 01 Dec 2017 03:38:40 +0000. Up 42.34 seconds.
[[0;1;31mFAILED[0m] Failed to start Set console font and keymap.
See 'systemctl status console-setup.service' for details.
[[0;32m  OK  [0m] Started Initial cloud-init job (pre-networking).
[[0;32m  OK  [0m] Reached target Network (Pre).
[[0;32m  OK  [0m] Created slice system-getty.slice.
[[0;32m  OK  [0m] Started LSB: AppArmor initialization.
         Starting Raise network interfaces...
[[0;32m  OK  [0m] Started Raise network interfaces.
         Starting Initial cloud-init job (metadata service crawler)...
[[0;32m  OK  [0m] Reached target Network.
[   46.213963] cloud-init[921]: Cloud-init v. 17.1 running 'init' at Fri, 01 Dec 2017 03:38:43 +0000. Up 45.54 seconds.
[   46.240802] cloud-init[921]: ci-info: +++++++++++++++++++++++++++++++++++++Net device info++++++++++++++++++++++++++++++++++++++
[   46.276734] cloud-init[921]: ci-info: +--------+-------+---------------------------+---------------+-------+-------------------+
[   46.277067] cloud-init[921]: ci-info: | Device |   Up  |          Address          |      Mask     | Scope |     Hw-Address    |
[[0;32m  OK  [0m] Started Initial cloud-init job (metadata service crawler).
[   46.277207] cloud-init[921]: ci-info: +--------+-------+---------------------------+---------------+-------+-------------------+
[   46.331262] cloud-init[921]: ci-info: | enp0s3 |  True |         10.0.2.15         | 255.255.255.0 |   .   | 02:f3:08:32:2c:e0 |
[   46.332172] cloud-init[921]: ci-info: | enp0s3 |  True | fe80::f3:8ff:fe32:2ce0/64 |       .       |  link | 02:f3:08:32:2c:e0 |
[[0;32m  OK  [0m] Reached target System Initialization.
[   46.332547] cloud-init[921]: ci-info: | enp0s8 | False |             .             |       .       |   .   | 08:00:27:31:32:2c |
[   46.363791] cloud-init[921]: ci-info: |   lo   |  True |         127.0.0.1         |   255.0.0.0   |   .   |         .         |
[[0;32m  OK  [0m] Listening on UUID daemon activation socket.
[   46.364036] cloud-init[921]: ci-info: |   lo   |  True |          ::1/128          |       .       |  host |         .         |
[   46.504719] cloud-init[921]: ci-info: +--------+-------+---------------------------+---------------+-------+-------------------+
[   46.505312] cloud-init[921]: ci-info: +++++++++++++++++++++++++++Route IPv4 info++++++++++++++++++++++++++++
[[0;32m  OK  [0m] Started ACPI Events Check.
[[   46.505573] cloud-init[921]: ci-info: +-------+-------------+----------+---------------+-----------+-------+
[   46.705483] cloud-init[921]: ci-info: | Route | Destination | Gateway  |    Genmask    | Interface | Flags |
[   46.705629] cloud-init[921]: ci-info: +-------+-------------+----------+---------------+-----------+-------+
[   46.705780] cloud-init[921]: ci-info: |   0   |   0.0.0.0   | 10.0.2.2 |    0.0.0.0    |   enp0s3  |   UG  |
[   46.705952] cloud-init[921]: ci-info: |   1   |   10.0.2.0  | 0.0.0.0  | 255.255.255.0 |   enp0s3  |   U   |
[   46.706116] cloud-init[921]: ci-info: +-------+-------------+----------+---------------+-----------+-------+
[   46.706304] cloud-init[921]: Generating public/private rsa key pair.
[   46.706455] cloud-init[921]: Your identification has been saved in /etc/ssh/ssh_host_rsa_key.
[   46.706639] cloud-init[921]: Your public key has been saved in /etc/ssh/ssh_host_rsa_key.pub.
[   46.706798] cloud-init[921]: The key fingerprint is:
[   46.706968] cloud-init[921]: SHA256:D5dfohvLtQwklafSc/aFA5hXKG+BuPS8ZRgjwDx0jjs root@ubuntu-xenial
[   46.707135] cloud-init[921]: The key's randomart image is:
[   46.707305] cloud-init[921]: +---[RSA 2048]----+
[   46.707476] cloud-init[921]: |     +o... . ..  |
[   46.707663] cloud-init[921]: |      +++ =+o.   |
[   46.707822] cloud-init[921]: |      .o.==*+.   |
[   46.707990] cloud-init[921]: |       ..o+==. . |
[   46.708344] cloud-init[921]: |      E S B=+ + .|
[   46.708504] cloud-init[921]: |       . B.* + o |
[   46.708700] cloud-init[921]: |          = o .  |
[   46.708855] cloud-init[921]: |         . B .   |
[   46.709022] cloud-init[921]: |          + o    |
[   46.709190] cloud-init[921]: +----[SHA256]-----+
[   46.709360] cloud-init[921]: Generating public/private dsa key pair.
[   46.709554] cloud-init[921]: Your identification has been saved in /etc/ssh/ssh_host_dsa_key.
[   46.709705] cloud-init[921]: Your public key has been saved in /etc/ssh/ssh_host_dsa_key.pub.
[   46.709871] cloud-init[921]: The key fingerprint is:
[   46.710040] cloud-init[921]: SHA256:sCOF0EUAi49fgHIN/UkqEwgTGSyOV5Sdm1jo1Rq5I6M root@ubuntu-xenial
[   46.710210] cloud-init[921]: The key's randomart image is:
[   46.710377] cloud-init[921]: +---[DSA 1024]----+
[   46.710563] cloud-init[921]: |B=+=oBo+         |
[   46.710723] cloud-init[921]: |+=.=*.O .        |
[   46.710893] cloud-init[921]: |B ++oBoB         |
[   46.711060] cloud-init[921]: |o=+.*.Oo         |
[   46.711229] cloud-init[921]: |...+ooo.S        |
[   46.711399] cloud-init[921]: | .E. . .         |
[   46.711580] cloud-init[921]: |  .              |
[   46.711739] cloud-init[921]: |                 |
[   46.711908] cloud-init[921]: |                 |
[   46.712257] cloud-init[921]: +----[SHA256]-----+
[   46.712420] cloud-init[921]: Generating public/private ecdsa key pair.
[0;32m  OK  [0m] Reached target Paths.
         [   46.712589] Starting Socket activation for snappy daemon.cloud-init
[921]: Your identification has been saved in /etc/ssh/ssh_host_ecdsa_key.
[   48.964526] cloud-init[921]: Your public key has been saved in /etc/ssh/ssh_host_ecdsa_key.pub.
[   48.964908] cloud-init[921]: The key fingerprint is:
[[0;32m  OK  [0m] Listening on D-Bus System Message Bus Socket.
[[   48.965123] cloud-init[921]: SHA256:IioD90kDj5VoWR0Pjms7nGOtmVyU2VaNa6kkvIWu2NI root@ubuntu-xenial
[   49.046440] cloud-init[921]: The key's randomart image is:
[   49.046611] cloud-init[921]: +---[ECDSA 256]---+
[   49.046870] cloud-init[921]: |    ..o.         |
[   49.047035] cloud-init[921]: |   + +.o   o     |
[0;32m  OK  [0m] Started Daily Cleanup of Temporary Directories.
[   49.047552] cloud-init[921]: |  = + . . o .    |
[   49.184653] cloud-init[921]: | . = o = . o     |
[   49.193078] cloud-init[921]: |. o B O S +      |
[   49.245757] cloud-init[921]: |.. * X B o       |
[   49.264449] cloud-init[921]: |o ..X = .        |
[   49.293505] cloud-init[921]: | o.=EO           |
[   49.335631] cloud-init[921]: |  ..B            |
[   49.344721] cloud-init[921]: +----[SHA256]-----+
[   49.363583] cloud-init[921]: Generating public/private ed25519 key pair.
         Starting LXD - unix socket.
[[0;32m  OK  [0m] Started Timer to automatically refresh installed snaps.
[[0;32m  OK  [0m] Listening on ACPID Listen Socket.
[   49.364204] cloud-init[921]: Your identification has been saved in /etc/ssh/ssh_host_ed25519_key.
[   49.464250] [cloud-init[0;32m  OK  [0m[921]: ] Your public key has been saved in /etc/ssh/ssh_host_ed25519_key.pub.Reached target Cloud-config availability.

[   49.703636] cloud-init[921]: The key fingerprint is:
[[0;32m  OK  [0m] Reached target Network is Online.
[   49.704116] cloud-init[921]: SHA256:EDJax/tn0kwqkLrdNK1ngr+//lTUcNASOjpcszjDBxw root@ubuntu-xenial
[   49.804689]          cloud-initStarting iSCSI initiator daemon (iscsid)...[921]: 
The key's randomart image is:
[   49.829693] [cloud-init[0;32m  OK  [0m[921]: ] +--[ED25519 256]--+Started Daily apt download activities.

[   49.875396] [cloud-init[0;32m  OK  [0m[921]: ] |    +.o E   ++.  |Started Daily apt upgrade and clean activities.

[   49.903867] [cloud-init[0;32m  OK  [0m[921]: ] |   o +.o . ..+.  |Reached target Timers.

[   49.955503] cloud-init[921]: |  .  ...o = ...  |
[[0;32m  OK  [0m] Listening on Socket activation for snappy daemon.
[   49.956184] [cloud-init[0;32m  OK  [0m[921]: ] |    o .+ =.=     |Listening on LXD - unix socket.

[   50.000617] [[0;32m  OK  [0m] Reached target Sockets.
[[0;32m  OK  [0m] Reached target Basic System.
cloud-init[921]: |   . . oS=o .    |
[   50.076530] cloud-init[921]: |  .   + ===.     |
[   50.093121]          cloud-initStarting LXD - container startup/shutdown...[921]: 
|   o + + +.      |
[   50.128693] cloud-init[921]: |  . o + o.       |
[   50.161315] cloud-init[921]: |     .oB+o.      |
         Starting /etc/rc.local Compatibility...
[   50.205134] cloud-init[921]: +----[SHA256]-----+
         Starting Apply the settings specified in cloud-config...
         Starting System Logging Service...
[[0;32m  OK  [0m] Started D-Bus System Message Bus.
         Starting LSB: Record successful boot for GRUB...
[[0;32m  OK  [0m] Started FUSE filesystem for LXC.
[[0;32m  OK  [0m] Started Unattended Upgrades Shutdown.
         Starting Login Service...
         Starting Pollinate to seed the pseudo random number generator...
[[0;32m  OK  [0m] Started Regular background program processing daemon.
[[0;32m  OK  [0m] Started ACPI event daemon.
         Starting Accounts Service...
[[0;32m  OK  [0m] Started Deferred execution scheduler.
         Starting LSB: MD monitoring daemon...
         Starting Snappy daemon...
[[0;32m  OK  [0m] Started System Logging Service.
[[0;32m  OK  [0m] Started iSCSI initiator daemon (iscsid).
[[0;32m  OK  [0m] Started LXD - container startup/shutdown.
[[0;32m  OK  [0m] Started /etc/rc.local Compatibility.
[[0;32m  OK  [0m] Started LSB: Record successful boot for GRUB.
[[0;32m  OK  [0m] Started Login Service.
         Starting Authenticate and Authorize Users to Run Privileged Tasks...
         Starting Login to default iSCSI targets...
[[0;32m  OK  [0m] Started Snappy daemon.
[[0;32m  OK  [0m] Started LSB: MD monitoring daemon.
[[0;32m  OK  [0m] Started Authenticate and Authorize Users to Run Privileged Tasks.
[[0;32m  OK  [0m] Started Accounts Service.
[[0;32m  OK  [0m] Started Login to default iSCSI targets.
[[0;32m  OK  [0m] Reached target Remote File Systems (Pre).
[[0;32m  OK  [0m] Reached target Remote File Systems.
         Starting LSB: automatic crash report generation...
         Starting LSB: daemon to balance interrupts for SMP systems...
         Starting LSB: Set the CPU Frequency Scaling governor to "ondemand"...
         Starting Permit User Sessions...
[   50.971840] cloud-init[1029]: Generating locales (this might take a while)...
         Starting LSB: VirtualBox Linux Additions...
[[0;32m  OK  [0m] Started Permit User Sessions.
         Starting Hold until boot process finishes up...
         Starting Terminate Plymouth Boot Screen...
[[0;32m  OK  [0m] Started LSB: automatic crash report generation.
[[0;32m  OK  [0m] Started LSB: daemon to balance interrupts for SMP systems.
[[0;32m  OK  [0m] Started LSB: Set the CPU Frequency Scaling governor to "ondemand".
[[0;32m  OK  [0m] Started Hold until boot process finishes up.
[[0;32m  OK  [0m] Started Terminate Plymouth Boot Screen.
[[0;32m  OK  [0m] Started LSB: VirtualBox Linux Additions.
[[0;32m  OK  [0m] Started Serial Getty on ttyS0.
[[0;32m  OK  [0m] Started Getty on tty1.
[[0;32m  OK  [0m] Reached target Login Prompts.
         Starting Set console scheme...
[[0;32m  OK  [0m] Started Set console scheme.
[[0;32m  OK  [0m] Started Pollinate to seed the pseudo random number generator.
         Starting OpenBSD Secure Shell server...
[[0;32m  OK  [0m] Started OpenBSD Secure Shell server.
[[0;32m  OK  [0m] Reached target Multi-User System.
[[0;32m  OK  [0m] Reached target Graphical Interface.
         Starting Update UTMP about System Runlevel Changes...
[[0;32m  OK  [0m] Started Update UTMP about System Runlevel Changes.
[   51.916608] cloud-init[1029]:   en_US.UTF-8... done
[   51.943119] cloud-init[1029]: Generation complete.
         Stopping OpenBSD Secure Shell server...
[[0;32m  OK  [0m] Stopped OpenBSD Secure Shell server.
         Starting OpenBSD Secure Shell server...
[[0;32m  OK  [0m] Started OpenBSD Secure Shell server.
[   52.308184] cloud-init[1029]: Cloud-init v. 17.1 running 'modules:config' at Fri, 01 Dec 2017 03:38:48 +0000. Up 50.77 seconds.
[[0;32m  OK  [0m] Started Apply the settings specified in cloud-config.
         Starting Execute cloud user/final scripts...
ci-info: no authorized ssh keys fingerprints found for user ubuntu.
<14>Dec  1 03:38:50 ec2: 
<14>Dec  1 03:38:50 ec2: #############################################################
<14>Dec  1 03:38:50 ec2: -----BEGIN SSH HOST KEY FINGERPRINTS-----
<14>Dec  1 03:38:50 ec2: 1024 SHA256:sCOF0EUAi49fgHIN/UkqEwgTGSyOV5Sdm1jo1Rq5I6M root@ubuntu-xenial (DSA)
<14>Dec  1 03:38:50 ec2: 256 SHA256:IioD90kDj5VoWR0Pjms7nGOtmVyU2VaNa6kkvIWu2NI root@ubuntu-xenial (ECDSA)
<14>Dec  1 03:38:50 ec2: 256 SHA256:EDJax/tn0kwqkLrdNK1ngr+//lTUcNASOjpcszjDBxw root@ubuntu-xenial (ED25519)
<14>Dec  1 03:38:50 ec2: 2048 SHA256:D5dfohvLtQwklafSc/aFA5hXKG+BuPS8ZRgjwDx0jjs root@ubuntu-xenial (RSA)
<14>Dec  1 03:38:50 ec2: -----END SSH HOST KEY FINGERPRINTS-----
<14>Dec  1 03:38:50 ec2: #############################################################
-----BEGIN SSH HOST KEY KEYS-----
ecdsa-sha2-nistp256 AAAAE2VjZHNhLXNoYTItbmlzdHAyNTYAAAAIbmlzdHAyNTYAAABBBG03fBTQUmebukKpECqDuC2h//cuDfasurhvqxIVcLJ6xZwG5df+4sogbYs4/PyaAdYd/d1/XowRO5j8qKw8mvM= root@ubuntu-xenial
ssh-ed25519 AAAAC3NzaC1lZDI1NTE5AAAAIDI/ib0YE0HZlL90sMoBHBfi0XsELC3D6E7aoSX17nh8 root@ubuntu-xenial
ssh-rsa AAAAB3NzaC1yc2EAAAADAQABAAABAQCxG90eb/S3+NvNISw6zzZpo1CWOJMzeIZrNwZOfOekwDEU85kQm0RkHeC622m8TFnwwnKE9jykAzAUTaVY31rHwxmMBjTWytS5w5pEvln+afJ3QrkzkI3cBaqjmRmUmoZ8kBlzNjSm0L9z/noIxP/fSnip3Rn30BFdzMXSmGt+3y43PKlYqs7PUpqKMBAeWu9oFY1DaxrIHyFv5up0LPUzISfRRGFXuzOKx+6jpOke+L4SfU2H+pbMEBE4JAlAbDRDqXJLWHuM74jI3tDGPeMqu9SUZf4VZdhBiMTvfGDHtVljxawOXjyy5P/5tp6noLbNWbSavZeWxNdDJhRJuqJ1 root@ubuntu-xenial
-----END SSH HOST KEY KEYS-----
[   53.721291] cloud-init[1280]: Cloud-init v. 17.1 running 'modules:final' at Fri, 01 Dec 2017 03:38:50 +0000. Up 52.66 seconds.
[   53.764821] cloud-init[1280]: ci-info: no authorized ssh keys fingerprints found for user ubuntu.
[   53.780565] cloud-init[1280]: Cloud-init v. 17.1 finished at Fri, 01 Dec 2017 03:38:51 +0000. Datasource DataSourceNoCloud [seed=/dev/sdb][dsmode=net].  Up 53.71 seconds
[[0;32m  OK  [0m] Started Execute cloud user/final scripts.
[[0;32m  OK  [0m] Reached target Cloud-init target.

Ubuntu 16.04.3 LTS ubuntu-xenial ttyS0

ubuntu-xenial login: 